[debug] [2020-03-17T04:03:10.481Z] ----------------------------------------------------------------------
[debug] [2020-03-17T04:03:10.483Z] Command:       /usr/local/bin/node /Users/joshkramer/Documents/development/personal/track-marathon/node_modules/.bin/firebase serve
[debug] [2020-03-17T04:03:10.483Z] CLI Version:   7.15.1
[debug] [2020-03-17T04:03:10.483Z] Platform:      darwin
[debug] [2020-03-17T04:03:10.483Z] Node Version:  v10.15.3
[debug] [2020-03-17T04:03:10.484Z] Time:          Tue Mar 17 2020 00:03:10 GMT-0400 (Eastern Daylight Time)
[debug] [2020-03-17T04:03:10.484Z] ----------------------------------------------------------------------
[debug] [2020-03-17T04:03:10.484Z] 
[debug] [2020-03-17T04:03:10.492Z] > command requires scopes: ["email","openid","https://www.googleapis.com/auth/cloudplatformprojects.readonly","https://www.googleapis.com/auth/firebase","https://www.googleapis.com/auth/cloud-platform"]
[debug] [2020-03-17T04:03:10.493Z] > authorizing via signed-in user
[debug] [2020-03-17T04:03:10.493Z] [iam] checking project track-marathon for permissions ["firebase.projects.get"]
[debug] [2020-03-17T04:03:10.495Z] >>> HTTP REQUEST POST https://cloudresourcemanager.googleapis.com/v1/projects/track-marathon:testIamPermissions  

[debug] [2020-03-17T04:03:10.781Z] <<< HTTP RESPONSE 200
[debug] [2020-03-17T04:03:10.783Z] >>> HTTP REQUEST GET https://firebase.googleapis.com/v1beta1/projects/track-marathon  
 
[debug] [2020-03-17T04:03:11.199Z] <<< HTTP RESPONSE 200
[info] 
[info] === Serving from '/Users/joshkramer/Documents/development/personal/track-marathon'...
[info] 
[debug] [2020-03-17T04:03:11.202Z] >>> HTTP REQUEST GET https://firebase.googleapis.com/v1beta1/projects/track-marathon/webApps/-/config  
 
[debug] [2020-03-17T04:03:11.749Z] <<< HTTP RESPONSE 200
[info] i  hosting: Serving hosting files from: public
[info] ✔  hosting: Local server: http://localhost:5000
